生成启动时间为 2015/8/28,星期五 2:16:01。
     1>项目“C:\Users\43587\Documents\GitHubVisualStudio\OpenGL0\hw0-windows\hw0-windows.vcxproj”在节点 2 上(Build 个目标)。
     1>ClCompile:
         C:\Program Files (x86)\Microsoft Visual Studio 14.0\VC\bin\CL.exe /c /Zi /nologo /W3 /WX- /O2 /Oi /Oy- /GL /D _MBCS /Gm- /EHsc /MT /GS /Gy /fp:precise /Zc:wchar_t /Zc:forScope /Zc:inline /Fo"Release\\" /Fd"Release\vc140.pdb" /Gd /TP /analyze- /errorReport:prompt mytest3.cpp shaders.cpp
         mytest3.cpp
     1>c:\users\43587\documents\githubvisualstudio\opengl0\hw0-windows\include\FreeImage.h : warning C4819: 该文件包含不能在当前代码页(936)中表示的字符。请将该文件保存为 Unicode 格式以防止数据丢失
     1>c:\users\43587\documents\githubvisualstudio\opengl0\hw0-windows\geometry3.h(92): warning C4996: 'fopen': This function or variable may be unsafe. Consider using fopen_s instead. To disable deprecation, use _CRT_SECURE_NO_WARNINGS. See online help for details.
         C:\Program Files (x86)\Windows Kits\10\Include\10.0.10150.0\ucrt\stdio.h(205): note: 参见“fopen”的声明
     1>c:\users\43587\documents\githubvisualstudio\opengl0\hw0-windows\geometry3.h(93): warning C4996: 'fscanf': This function or variable may be unsafe. Consider using fscanf_s instead. To disable deprecation, use _CRT_SECURE_NO_WARNINGS. See online help for details.
         C:\Program Files (x86)\Windows Kits\10\Include\10.0.10150.0\ucrt\stdio.h(1193): note: 参见“fscanf”的声明
     1>c:\users\43587\documents\githubvisualstudio\opengl0\hw0-windows\geometry3.h(97): warning C4996: 'fscanf': This function or variable may be unsafe. Consider using fscanf_s instead. To disable deprecation, use _CRT_SECURE_NO_WARNINGS. See online help for details.
         C:\Program Files (x86)\Windows Kits\10\Include\10.0.10150.0\ucrt\stdio.h(1193): note: 参见“fscanf”的声明
     1>c:\users\43587\documents\githubvisualstudio\opengl0\hw0-windows\geometry3.h(91): warning C4101: “err”: 未引用的局部变量
     1>mytest3.cpp(124): warning C4838: 从“double”转换到“const GLfloat”需要收缩转换
         shaders.cpp
     1>c:\users\43587\documents\githubvisualstudio\opengl0\hw0-windows\include\FreeImage.h : warning C4819: 该文件包含不能在当前代码页(936)中表示的字符。请将该文件保存为 Unicode 格式以防止数据丢失
     1>shaders.cpp(69): warning C4996: 'strcpy': This function or variable may be unsafe. Consider using strcpy_s instead. To disable deprecation, use _CRT_SECURE_NO_WARNINGS. See online help for details.
         C:\Program Files (x86)\Windows Kits\10\Include\10.0.10150.0\ucrt\string.h(119): note: 参见“strcpy”的声明
       Link:
         C:\Program Files (x86)\Microsoft Visual Studio 14.0\VC\bin\link.exe /ERRORREPORT:PROMPT /OUT:"C:\Users\43587\Documents\GitHubVisualStudio\OpenGL0\Release\hw0-windows.exe" /NOLOGO /MANIFEST /MANIFESTUAC:"level='asInvoker' uiAccess='false'" /manifest:embed /manifestinput:"C:\Program Files (x86)\Microsoft Visual Studio 14.0\VC\Include\Manifest\dpiaware.manifest" /Debug /PDB:"C:\Users\43587\Documents\GitHubVisualStudio\OpenGL0\Release\hw0-windows.pdb" /OPT:REF /OPT:ICF /LTCG:incremental /TLBID:1 /DYNAMICBASE /NXCOMPAT /IMPLIB:"C:\Users\43587\Documents\GitHubVisualStudio\OpenGL0\Release\hw0-windows.lib" /MACHINE:X86 /SAFESEH Release\mytest3.obj
         Release\shaders.obj
         正在生成代码
         459 of 467 functions (98.3%) were compiled, the rest were copied from previous compilation.
           3 functions were new in current compilation
           1 functions had inline decision re-evaluated but remain unchanged
         已完成代码的生成
         hw0-windows.vcxproj -> C:\Users\43587\Documents\GitHubVisualStudio\OpenGL0\Release\hw0-windows.exe
     1>已完成生成项目“C:\Users\43587\Documents\GitHubVisualStudio\OpenGL0\hw0-windows\hw0-windows.vcxproj”(Build 个目标)的操作。

已成功生成。

已用时间 00:00:18.37
